<?xml version="1.0" encoding="UTF-8"?>
<!-- Generated by org.testng.reporters.JUnitReportReporter -->
<testsuite hostname="stiap01" failures="0" tests="1" name="introToSelenium.IntroToTestNG" time="6.463" errors="0" timestamp="2020-01-23T17:33:55 CST" skipped="0">
  <testcase classname="introToSelenium.IntroToTestNG" name="testCase1" time="6.463"/>
</testsuite> <!-- introToSelenium.IntroToTestNG -->
