<?xml version="1.0" encoding="UTF-8"?>
<!-- Generated by org.testng.reporters.JUnitReportReporter -->
<testsuite hostname="stiap01" failures="0" tests="1" name="introToSelenium.IntroToTestNG" time="5.998" errors="0" timestamp="2020-01-18T18:55:47 CST" skipped="0">
  <testcase classname="introToSelenium.IntroToTestNG" name="testCase1" time="5.998"/>
</testsuite> <!-- introToSelenium.IntroToTestNG -->
