<?xml version="1.0" encoding="UTF-8"?>
<!-- Generated by org.testng.reporters.JUnitReportReporter -->
<testsuite hostname="stiap01" failures="0" tests="1" name="introToSelenium.ElementLocators" time="2.063" errors="0" timestamp="2020-01-25T21:27:23 CST" skipped="0">
  <testcase classname="introToSelenium.ElementLocators" name="test1" time="2.063"/>
</testsuite> <!-- introToSelenium.ElementLocators -->
